0 info it worked if it ends with ok
1 verbose cli [ '/home/ubuntu/.nvm/versions/node/v4.1.1/bin/node',
1 verbose cli   '/home/ubuntu/.nvm/versions/node/v4.1.1/bin/npm',
1 verbose cli   'run',
1 verbose cli   'tsc',
1 verbose cli   'boot.ts',
1 verbose cli   'deck.ts',
1 verbose cli   'game.ts' ]
2 info using npm@2.14.4
3 info using node@v4.1.1
4 verbose run-script [ 'pretsc', 'tsc', 'posttsc' ]
5 info pretsc pesten-cardgame@1.0.0
6 info tsc pesten-cardgame@1.0.0
7 verbose unsafe-perm in lifecycle true
8 info pesten-cardgame@1.0.0 Failed to exec tsc script
9 verbose stack Error: pesten-cardgame@1.0.0 tsc: `node_modules/typescript/bin/tsc "boot.ts" "deck.ts" "game.ts"`
9 verbose stack Exit status 2
9 verbose stack     at EventEmitter.<anonymous> (/home/ubuntu/.nvm/versions/node/v4.1.1/lib/node_modules/npm/lib/utils/lifecycle.js:214:16)
9 verbose stack     at emitTwo (events.js:87:13)
9 verbose stack     at EventEmitter.emit (events.js:172:7)
9 verbose stack     at ChildProcess.<anonymous> (/home/ubuntu/.nvm/versions/node/v4.1.1/lib/node_modules/npm/lib/utils/spawn.js:24:14)
9 verbose stack     at emitTwo (events.js:87:13)
9 verbose stack     at ChildProcess.emit (events.js:172:7)
9 verbose stack     at maybeClose (internal/child_process.js:817:16)
9 verbose stack     at Process.ChildProcess._handle.onexit (internal/child_process.js:211:5)
10 verbose pkgid pesten-cardgame@1.0.0
11 verbose cwd /home/ubuntu/workspace/app
12 error Linux 4.2.0-c9
13 error argv "/home/ubuntu/.nvm/versions/node/v4.1.1/bin/node" "/home/ubuntu/.nvm/versions/node/v4.1.1/bin/npm" "run" "tsc" "boot.ts" "deck.ts" "game.ts"
14 error node v4.1.1
15 error npm  v2.14.4
16 error code ELIFECYCLE
17 error pesten-cardgame@1.0.0 tsc: `node_modules/typescript/bin/tsc "boot.ts" "deck.ts" "game.ts"`
17 error Exit status 2
18 error Failed at the pesten-cardgame@1.0.0 tsc script 'node_modules/typescript/bin/tsc "boot.ts" "deck.ts" "game.ts"'.
18 error This is most likely a problem with the pesten-cardgame package,
18 error not with npm itself.
18 error Tell the author that this fails on your system:
18 error     node_modules/typescript/bin/tsc "boot.ts" "deck.ts" "game.ts"
18 error You can get their info via:
18 error     npm owner ls pesten-cardgame
18 error There is likely additional logging output above.
19 verbose exit [ 1, true ]
